[1] "Running: montreal, model: SIR_inc, peak: 2, weeks: 1-4"
[1] "Calculating GR diagnostic..."
[1] "Summarizing posterior distributions..."
[1] "Calculating WAIC..."
[1] "Calculating posterior predictive fit..."
Stochastic parents of data are:  probDetect beta k w0 nu comp_init[1] comp_init[2] comp_init[3] comp_init[4] comp_init[5] comp_init[6] comp_init[7] comp_init[8] comp_init[9] comp_init[10] comp_init[11] comp_init[12] comp_init[13] comp_init[14] comp_init[15] comp_init[16] .
[1] "Posterior predictive forecasting..."
Stochastic parents of data are:  probDetect beta k w0 nu comp_init[1] comp_init[2] comp_init[3] comp_init[4] comp_init[5] comp_init[6] comp_init[7] comp_init[8] comp_init[9] comp_init[10] comp_init[11] comp_init[12] comp_init[13] comp_init[14] comp_init[15] comp_init[16] Istar[1] detectIstar[1] Istar[2] detectIstar[2] Istar[3] detectIstar[3] Istar[4] detectIstar[4] Istar[5] detectIstar[5] Istar[6] detectIstar[6] Istar[7] detectIstar[7] Istar[8] detectIstar[8] Istar[9] detectIstar[9] Istar[10] detectIstar[10] Istar[11] detectIstar[11] Istar[12] detectIstar[12] Istar[13] detectIstar[13] Istar[14] detectIstar[14] Istar[15] detectIstar[15] Istar[16] detectIstar[16] Istar[17] detectIstar[17] Istar[18] detectIstar[18] Istar[19] detectIstar[19] Istar[20] detectIstar[20] Istar[21] detectIstar[21] Istar[22] detectIstar[22] Istar[23] detectIstar[23] Istar[24] detectIstar[24] Istar[25] detectIstar[25] Istar[26] detectIstar[26] Istar[27] detectIstar[27] Istar[28] detectIstar[28] .
[1] "Running: montreal, model: SIR_inc, peak: 2, weeks: 1-6"
[1] "Calculating GR diagnostic..."
[1] "Summarizing posterior distributions..."
[1] "Calculating WAIC..."
[1] "Calculating posterior predictive fit..."
Stochastic parents of data are:  probDetect beta k w0 nu comp_init[1] comp_init[2] comp_init[3] comp_init[4] comp_init[5] comp_init[6] comp_init[7] comp_init[8] comp_init[9] comp_init[10] comp_init[11] comp_init[12] comp_init[13] comp_init[14] comp_init[15] comp_init[16] .
[1] "Posterior predictive forecasting..."
Stochastic parents of data are:  probDetect beta k w0 nu comp_init[1] comp_init[2] comp_init[3] comp_init[4] comp_init[5] comp_init[6] comp_init[7] comp_init[8] comp_init[9] comp_init[10] comp_init[11] comp_init[12] comp_init[13] comp_init[14] comp_init[15] comp_init[16] Istar[1] detectIstar[1] Istar[2] detectIstar[2] Istar[3] detectIstar[3] Istar[4] detectIstar[4] Istar[5] detectIstar[5] Istar[6] detectIstar[6] Istar[7] detectIstar[7] Istar[8] detectIstar[8] Istar[9] detectIstar[9] Istar[10] detectIstar[10] Istar[11] detectIstar[11] Istar[12] detectIstar[12] Istar[13] detectIstar[13] Istar[14] detectIstar[14] Istar[15] detectIstar[15] Istar[16] detectIstar[16] Istar[17] detectIstar[17] Istar[18] detectIstar[18] Istar[19] detectIstar[19] Istar[20] detectIstar[20] Istar[21] detectIstar[21] Istar[22] detectIstar[22] Istar[23] detectIstar[23] Istar[24] detectIstar[24] Istar[25] detectIstar[25] Istar[26] detectIstar[26] Istar[27] detectIstar[27] Istar[28] detectIstar[28] Istar[29] detectIstar[29] Istar[30] detectIstar[30] Istar[31] detectIstar[31] Istar[32] detectIstar[32] Istar[33] detectIstar[33] Istar[34] detectIstar[34] Istar[35] detectIstar[35] Istar[36] detectIstar[36] Istar[37] detectIstar[37] Istar[38] detectIstar[38] Istar[39] detectIstar[39] Istar[40] detectIstar[40] Istar[41] detectIstar[41] Istar[42] detectIstar[42] .
[1] "Running: montreal, model: SIR_inc, peak: 2, weeks: 1-8"
[1] "Calculating GR diagnostic..."
[1] "Summarizing posterior distributions..."
[1] "Calculating WAIC..."
[1] "Calculating posterior predictive fit..."
Stochastic parents of data are:  probDetect beta k w0 nu comp_init[1] comp_init[2] comp_init[3] comp_init[4] comp_init[5] comp_init[6] comp_init[7] comp_init[8] comp_init[9] comp_init[10] comp_init[11] comp_init[12] comp_init[13] comp_init[14] comp_init[15] comp_init[16] .
[1] "Posterior predictive forecasting..."
Stochastic parents of data are:  probDetect beta k w0 nu comp_init[1] comp_init[2] comp_init[3] comp_init[4] comp_init[5] comp_init[6] comp_init[7] comp_init[8] comp_init[9] comp_init[10] comp_init[11] comp_init[12] comp_init[13] comp_init[14] comp_init[15] comp_init[16] Istar[1] detectIstar[1] Istar[2] detectIstar[2] Istar[3] detectIstar[3] Istar[4] detectIstar[4] Istar[5] detectIstar[5] Istar[6] detectIstar[6] Istar[7] detectIstar[7] Istar[8] detectIstar[8] Istar[9] detectIstar[9] Istar[10] detectIstar[10] Istar[11] detectIstar[11] Istar[12] detectIstar[12] Istar[13] detectIstar[13] Istar[14] detectIstar[14] Istar[15] detectIstar[15] Istar[16] detectIstar[16] Istar[17] detectIstar[17] Istar[18] detectIstar[18] Istar[19] detectIstar[19] Istar[20] detectIstar[20] Istar[21] detectIstar[21] Istar[22] detectIstar[22] Istar[23] detectIstar[23] Istar[24] detectIstar[24] Istar[25] detectIstar[25] Istar[26] detectIstar[26] Istar[27] detectIstar[27] Istar[28] detectIstar[28] Istar[29] detectIstar[29] Istar[30] detectIstar[30] Istar[31] detectIstar[31] Istar[32] detectIstar[32] Istar[33] detectIstar[33] Istar[34] detectIstar[34] Istar[35] detectIstar[35] Istar[36] detectIstar[36] Istar[37] detectIstar[37] Istar[38] detectIstar[38] Istar[39] detectIstar[39] Istar[40] detectIstar[40] Istar[41] detectIstar[41] Istar[42] detectIstar[42] Istar[43] detectIstar[43] Istar[44] detectIstar[44] Istar[45] detectIstar[45] Istar[46] detectIstar[46] Istar[47] detectIstar[47] Istar[48] detectIstar[48] Istar[49] detectIstar[49] Istar[50] detectIstar[50] Istar[51] detectIstar[51] Istar[52] detectIstar[52] Istar[53] detectIstar[53] Istar[54] detectIstar[54] Istar[55] detectIstar[55] Istar[56] detectIstar[56] .
